Determining if the pthread_create exist failed with the following output:
Change Dir: /home/lsj/workspace/bulldog_ws/build/CMakeFiles/CMakeTmp

Run Build Command:"/usr/bin/make" "cmTC_d18cc/fast"
/usr/bin/make -f CMakeFiles/cmTC_d18cc.dir/build.make CMakeFiles/cmTC_d18cc.dir/build
make[1]: 正在进入目录 `/home/lsj/workspace/bulldog_ws/build/CMakeFiles/CMakeTmp'
Building C object CMakeFiles/cmTC_d18cc.dir/CheckSymbolExists.c.o
/usr/bin/cc    -o CMakeFiles/cmTC_d18cc.dir/CheckSymbolExists.c.o   -c /home/lsj/workspace/bulldog_ws/build/CMakeFiles/CMakeTmp/CheckSymbolExists.c
Linking C executable cmTC_d18cc
/usr/local/bin/cmake -E cmake_link_script CMakeFiles/cmTC_d18cc.dir/link.txt --verbose=1
/usr/bin/cc      -rdynamic CMakeFiles/cmTC_d18cc.dir/CheckSymbolExists.c.o  -o cmTC_d18cc 
CMakeFiles/cmTC_d18cc.dir/CheckSymbolExists.c.o：在函数‘main’中：
CheckSymbolExists.c:(.text+0x16)：对‘pthread_create’未定义的引用
collect2: error: ld returned 1 exit status
make[1]: *** [cmTC_d18cc] 错误 1
make[1]:正在离开目录 `/home/lsj/workspace/bulldog_ws/build/CMakeFiles/CMakeTmp'
make: *** [cmTC_d18cc/fast] 错误 2

File /home/lsj/workspace/bulldog_ws/build/CMakeFiles/CMakeTmp/CheckSymbolExists.c:
/* */
#include <pthread.h>

int main(int argc, char** argv)
{
  (void)argv;
#ifndef pthread_create
  return ((int*)(&pthread_create))[argc];
#else
  (void)argc;
  return 0;
#endif
}

Determining if the function pthread_create exists in the pthreads failed with the following output:
Change Dir: /home/lsj/workspace/bulldog_ws/build/CMakeFiles/CMakeTmp

Run Build Command:"/usr/bin/make" "cmTC_75e95/fast"
/usr/bin/make -f CMakeFiles/cmTC_75e95.dir/build.make CMakeFiles/cmTC_75e95.dir/build
make[1]: 正在进入目录 `/home/lsj/workspace/bulldog_ws/build/CMakeFiles/CMakeTmp'
Building C object CMakeFiles/cmTC_75e95.dir/CheckFunctionExists.c.o
/usr/bin/cc   -DCHECK_FUNCTION_EXISTS=pthread_create   -o CMakeFiles/cmTC_75e95.dir/CheckFunctionExists.c.o   -c /usr/local/share/cmake-3.12/Modules/CheckFunctionExists.c
Linking C executable cmTC_75e95
/usr/local/bin/cmake -E cmake_link_script CMakeFiles/cmTC_75e95.dir/link.txt --verbose=1
/usr/bin/cc  -DCHECK_FUNCTION_EXISTS=pthread_create    -rdynamic CMakeFiles/cmTC_75e95.dir/CheckFunctionExists.c.o  -o cmTC_75e95 -lpthreads 
/usr/bin/ld: 找不到 -lpthreads
collect2: error: ld returned 1 exit status
make[1]: *** [cmTC_75e95] 错误 1
make[1]:正在离开目录 `/home/lsj/workspace/bulldog_ws/build/CMakeFiles/CMakeTmp'
make: *** [cmTC_75e95/fast] 错误 2


Determining if the Q_WS_WIN exist failed with the following output:
Change Dir: /home/lsj/workspace/bulldog_ws/build/CMakeFiles/CMakeTmp

Run Build Command:"/usr/bin/make" "cmTC_6208e/fast"
/usr/bin/make -f CMakeFiles/cmTC_6208e.dir/build.make CMakeFiles/cmTC_6208e.dir/build
make[1]: 正在进入目录 `/home/lsj/workspace/bulldog_ws/build/CMakeFiles/CMakeTmp'
Building CXX object CMakeFiles/cmTC_6208e.dir/CheckSymbolExists.cxx.o
/usr/bin/c++   -I/usr/include/qt4   -o CMakeFiles/cmTC_6208e.dir/CheckSymbolExists.cxx.o -c /home/lsj/workspace/bulldog_ws/build/CMakeFiles/CMakeTmp/CheckSymbolExists.cxx
/home/lsj/workspace/bulldog_ws/build/CMakeFiles/CMakeTmp/CheckSymbolExists.cxx: In function ‘int main(int, char**)’:
/home/lsj/workspace/bulldog_ws/build/CMakeFiles/CMakeTmp/CheckSymbolExists.cxx:8:19: error: ‘Q_WS_WIN’ was not declared in this scope
   return ((int*)(&Q_WS_WIN))[argc];
                   ^
make[1]: *** [CMakeFiles/cmTC_6208e.dir/CheckSymbolExists.cxx.o] 错误 1
make[1]:正在离开目录 `/home/lsj/workspace/bulldog_ws/build/CMakeFiles/CMakeTmp'
make: *** [cmTC_6208e/fast] 错误 2

File /home/lsj/workspace/bulldog_ws/build/CMakeFiles/CMakeTmp/CheckSymbolExists.cxx:
/* */
#include <QtCore/qglobal.h>

int main(int argc, char** argv)
{
  (void)argv;
#ifndef Q_WS_WIN
  return ((int*)(&Q_WS_WIN))[argc];
#else
  (void)argc;
  return 0;
#endif
}

Determining if the Q_WS_QWS exist failed with the following output:
Change Dir: /home/lsj/workspace/bulldog_ws/build/CMakeFiles/CMakeTmp

Run Build Command:"/usr/bin/make" "cmTC_34c08/fast"
/usr/bin/make -f CMakeFiles/cmTC_34c08.dir/build.make CMakeFiles/cmTC_34c08.dir/build
make[1]: 正在进入目录 `/home/lsj/workspace/bulldog_ws/build/CMakeFiles/CMakeTmp'
Building CXX object CMakeFiles/cmTC_34c08.dir/CheckSymbolExists.cxx.o
/usr/bin/c++   -I/usr/include/qt4   -o CMakeFiles/cmTC_34c08.dir/CheckSymbolExists.cxx.o -c /home/lsj/workspace/bulldog_ws/build/CMakeFiles/CMakeTmp/CheckSymbolExists.cxx
/home/lsj/workspace/bulldog_ws/build/CMakeFiles/CMakeTmp/CheckSymbolExists.cxx: In function ‘int main(int, char**)’:
/home/lsj/workspace/bulldog_ws/build/CMakeFiles/CMakeTmp/CheckSymbolExists.cxx:8:19: error: ‘Q_WS_QWS’ was not declared in this scope
   return ((int*)(&Q_WS_QWS))[argc];
                   ^
make[1]: *** [CMakeFiles/cmTC_34c08.dir/CheckSymbolExists.cxx.o] 错误 1
make[1]:正在离开目录 `/home/lsj/workspace/bulldog_ws/build/CMakeFiles/CMakeTmp'
make: *** [cmTC_34c08/fast] 错误 2

File /home/lsj/workspace/bulldog_ws/build/CMakeFiles/CMakeTmp/CheckSymbolExists.cxx:
/* */
#include <QtCore/qglobal.h>

int main(int argc, char** argv)
{
  (void)argv;
#ifndef Q_WS_QWS
  return ((int*)(&Q_WS_QWS))[argc];
#else
  (void)argc;
  return 0;
#endif
}

Determining if the Q_WS_MAC exist failed with the following output:
Change Dir: /home/lsj/workspace/bulldog_ws/build/CMakeFiles/CMakeTmp

Run Build Command:"/usr/bin/make" "cmTC_e79fc/fast"
/usr/bin/make -f CMakeFiles/cmTC_e79fc.dir/build.make CMakeFiles/cmTC_e79fc.dir/build
make[1]: 正在进入目录 `/home/lsj/workspace/bulldog_ws/build/CMakeFiles/CMakeTmp'
Building CXX object CMakeFiles/cmTC_e79fc.dir/CheckSymbolExists.cxx.o
/usr/bin/c++   -I/usr/include/qt4   -o CMakeFiles/cmTC_e79fc.dir/CheckSymbolExists.cxx.o -c /home/lsj/workspace/bulldog_ws/build/CMakeFiles/CMakeTmp/CheckSymbolExists.cxx
/home/lsj/workspace/bulldog_ws/build/CMakeFiles/CMakeTmp/CheckSymbolExists.cxx: In function ‘int main(int, char**)’:
/home/lsj/workspace/bulldog_ws/build/CMakeFiles/CMakeTmp/CheckSymbolExists.cxx:8:19: error: ‘Q_WS_MAC’ was not declared in this scope
   return ((int*)(&Q_WS_MAC))[argc];
                   ^
make[1]: *** [CMakeFiles/cmTC_e79fc.dir/CheckSymbolExists.cxx.o] 错误 1
make[1]:正在离开目录 `/home/lsj/workspace/bulldog_ws/build/CMakeFiles/CMakeTmp'
make: *** [cmTC_e79fc/fast] 错误 2

File /home/lsj/workspace/bulldog_ws/build/CMakeFiles/CMakeTmp/CheckSymbolExists.cxx:
/* */
#include <QtCore/qglobal.h>

int main(int argc, char** argv)
{
  (void)argv;
#ifndef Q_WS_MAC
  return ((int*)(&Q_WS_MAC))[argc];
#else
  (void)argc;
  return 0;
#endif
}

